CRITICAL - 2022-03-21 18:02:35 --> Class "App\Controllers\API\BaseController" not found
#0 C:\xampp\htdocs\Apirestful\system\Autoloader\Autoloader.php(264): include_once()
#1 C:\xampp\htdocs\Apirestful\system\Autoloader\Autoloader.php(241): CodeIgniter\Autoloader\Autoloader->includeFile('C:\\xampp\\htdocs...')
#2 C:\xampp\htdocs\Apirestful\system\Autoloader\Autoloader.php(219): CodeIgniter\Autoloader\Autoloader->loadInNamespace('App\\Controllers...')
#3 [internal function]: CodeIgniter\Autoloader\Autoloader->loadClass('App\\Controllers...')
#4 C:\xampp\htdocs\Apirestful\system\CodeIgniter.php(790): class_exists('\\App\\Controller...', true)
#5 C:\xampp\htdocs\Apirestful\system\CodeIgniter.php(399): CodeIgniter\CodeIgniter->startController()
#6 C:\xampp\htdocs\Apirestful\system\CodeIgniter.php(320): CodeIgniter\CodeIgniter->handleRequest(NULL, Object(Config\Cache), false)
#7 C:\xampp\htdocs\Apirestful\index.php(37): CodeIgniter\CodeIgniter->run()
#8 {main}
CRITICAL - 2022-03-21 18:06:04 --> Class "App\Controllers\API\BaseController" not found
#0 C:\xampp\htdocs\Apirestful\system\Autoloader\Autoloader.php(264): include_once()
#1 C:\xampp\htdocs\Apirestful\system\Autoloader\Autoloader.php(241): CodeIgniter\Autoloader\Autoloader->includeFile('C:\\xampp\\htdocs...')
#2 C:\xampp\htdocs\Apirestful\system\Autoloader\Autoloader.php(219): CodeIgniter\Autoloader\Autoloader->loadInNamespace('App\\Controllers...')
#3 [internal function]: CodeIgniter\Autoloader\Autoloader->loadClass('App\\Controllers...')
#4 C:\xampp\htdocs\Apirestful\system\CodeIgniter.php(790): class_exists('\\App\\Controller...', true)
#5 C:\xampp\htdocs\Apirestful\system\CodeIgniter.php(399): CodeIgniter\CodeIgniter->startController()
#6 C:\xampp\htdocs\Apirestful\system\CodeIgniter.php(320): CodeIgniter\CodeIgniter->handleRequest(NULL, Object(Config\Cache), false)
#7 C:\xampp\htdocs\Apirestful\index.php(37): CodeIgniter\CodeIgniter->run()
#8 {main}
CRITICAL - 2022-03-21 18:06:34 --> Class "App\Controllers\API\BaseController" not found
#0 C:\xampp\htdocs\Apirestful\system\Autoloader\Autoloader.php(264): include_once()
#1 C:\xampp\htdocs\Apirestful\system\Autoloader\Autoloader.php(241): CodeIgniter\Autoloader\Autoloader->includeFile('C:\\xampp\\htdocs...')
#2 C:\xampp\htdocs\Apirestful\system\Autoloader\Autoloader.php(219): CodeIgniter\Autoloader\Autoloader->loadInNamespace('App\\Controllers...')
#3 [internal function]: CodeIgniter\Autoloader\Autoloader->loadClass('App\\Controllers...')
#4 C:\xampp\htdocs\Apirestful\system\CodeIgniter.php(790): class_exists('\\App\\Controller...', true)
#5 C:\xampp\htdocs\Apirestful\system\CodeIgniter.php(399): CodeIgniter\CodeIgniter->startController()
#6 C:\xampp\htdocs\Apirestful\system\CodeIgniter.php(320): CodeIgniter\CodeIgniter->handleRequest(NULL, Object(Config\Cache), false)
#7 C:\xampp\htdocs\Apirestful\index.php(37): CodeIgniter\CodeIgniter->run()
#8 {main}
ERROR - 2022-03-21 18:23:15 --> Error connecting to the database: Access denied for user '****'@'localhost' (using password: YES)
CRITICAL - 2022-03-21 18:23:15 --> Unable to connect to the database.
Main connection [MySQLi]: Access denied for user '****'@'localhost' (using password: YES)
#0 C:\xampp\htdocs\Apirestful\system\Database\BaseConnection.php(577): CodeIgniter\Database\BaseConnection->initialize()
#1 C:\xampp\htdocs\Apirestful\system\Database\BaseBuilder.php(1455): CodeIgniter\Database\BaseConnection->query('SELECT *\nFROM `...', Array, false)
#2 C:\xampp\htdocs\Apirestful\system\Model.php(183): CodeIgniter\Database\BaseBuilder->get()
#3 C:\xampp\htdocs\Apirestful\system\BaseModel.php(584): CodeIgniter\Model->doFindAll(0, 0)
#4 C:\xampp\htdocs\Apirestful\app\Controllers\API\Clientes.php(17): CodeIgniter\BaseModel->findAll()
#5 C:\xampp\htdocs\Apirestful\system\CodeIgniter.php(825): App\Controllers\API\Clientes->index()
#6 C:\xampp\htdocs\Apirestful\system\CodeIgniter.php(412): CodeIgniter\CodeIgniter->runController(Object(App\Controllers\API\Clientes))
#7 C:\xampp\htdocs\Apirestful\system\CodeIgniter.php(320): CodeIgniter\CodeIgniter->handleRequest(NULL, Object(Config\Cache), false)
#8 C:\xampp\htdocs\Apirestful\index.php(37): CodeIgniter\CodeIgniter->run()
#9 {main}
ERROR - 2022-03-21 18:26:38 --> Error connecting to the database: Access denied for user '****'@'localhost' (using password: YES)
CRITICAL - 2022-03-21 18:26:38 --> Unable to connect to the database.
Main connection [MySQLi]: Access denied for user '****'@'localhost' (using password: YES)
#0 C:\xampp\htdocs\Apirestful\system\Database\BaseConnection.php(577): CodeIgniter\Database\BaseConnection->initialize()
#1 C:\xampp\htdocs\Apirestful\system\Database\BaseBuilder.php(1455): CodeIgniter\Database\BaseConnection->query('SELECT *\nFROM `...', Array, false)
#2 C:\xampp\htdocs\Apirestful\system\Model.php(183): CodeIgniter\Database\BaseBuilder->get()
#3 C:\xampp\htdocs\Apirestful\system\BaseModel.php(584): CodeIgniter\Model->doFindAll(0, 0)
#4 C:\xampp\htdocs\Apirestful\app\Controllers\API\Clientes.php(17): CodeIgniter\BaseModel->findAll()
#5 C:\xampp\htdocs\Apirestful\system\CodeIgniter.php(825): App\Controllers\API\Clientes->index()
#6 C:\xampp\htdocs\Apirestful\system\CodeIgniter.php(412): CodeIgniter\CodeIgniter->runController(Object(App\Controllers\API\Clientes))
#7 C:\xampp\htdocs\Apirestful\system\CodeIgniter.php(320): CodeIgniter\CodeIgniter->handleRequest(NULL, Object(Config\Cache), false)
#8 C:\xampp\htdocs\Apirestful\index.php(37): CodeIgniter\CodeIgniter->run()
#9 {main}
ERROR - 2022-03-21 18:28:50 --> Error connecting to the database: Access denied for user '****'@'localhost' (using password: YES)
CRITICAL - 2022-03-21 18:28:50 --> Unable to connect to the database.
Main connection [MySQLi]: Access denied for user '****'@'localhost' (using password: YES)
#0 C:\xampp\htdocs\Apirestful\system\Database\BaseConnection.php(577): CodeIgniter\Database\BaseConnection->initialize()
#1 C:\xampp\htdocs\Apirestful\system\Database\BaseBuilder.php(1455): CodeIgniter\Database\BaseConnection->query('SELECT *\nFROM `...', Array, false)
#2 C:\xampp\htdocs\Apirestful\system\Model.php(183): CodeIgniter\Database\BaseBuilder->get()
#3 C:\xampp\htdocs\Apirestful\system\BaseModel.php(584): CodeIgniter\Model->doFindAll(0, 0)
#4 C:\xampp\htdocs\Apirestful\app\Controllers\API\Clientes.php(17): CodeIgniter\BaseModel->findAll()
#5 C:\xampp\htdocs\Apirestful\system\CodeIgniter.php(825): App\Controllers\API\Clientes->index()
#6 C:\xampp\htdocs\Apirestful\system\CodeIgniter.php(412): CodeIgniter\CodeIgniter->runController(Object(App\Controllers\API\Clientes))
#7 C:\xampp\htdocs\Apirestful\system\CodeIgniter.php(320): CodeIgniter\CodeIgniter->handleRequest(NULL, Object(Config\Cache), false)
#8 C:\xampp\htdocs\Apirestful\index.php(37): CodeIgniter\CodeIgniter->run()
#9 {main}
ERROR - 2022-03-21 18:30:09 --> You have an error in your SQL syntax; check the manual that corresponds to your MariaDB server version for the right syntax to use near 'eliminado' at line 3
CRITICAL - 2022-03-21 18:30:09 --> You have an error in your SQL syntax; check the manual that corresponds to your MariaDB server version for the right syntax to use near 'eliminado' at line 3
#0 C:\xampp\htdocs\Apirestful\system\Database\MySQLi\Connection.php(292): mysqli->query('SELECT *\nFROM `...', 0)
#1 C:\xampp\htdocs\Apirestful\system\Database\BaseConnection.php(670): CodeIgniter\Database\MySQLi\Connection->execute('SELECT *\nFROM `...')
#2 C:\xampp\htdocs\Apirestful\system\Database\BaseConnection.php(598): CodeIgniter\Database\BaseConnection->simpleQuery('SELECT *\nFROM `...')
#3 C:\xampp\htdocs\Apirestful\system\Database\BaseBuilder.php(1455): CodeIgniter\Database\BaseConnection->query('SELECT *\nFROM `...', Array, false)
#4 C:\xampp\htdocs\Apirestful\system\Model.php(183): CodeIgniter\Database\BaseBuilder->get()
#5 C:\xampp\htdocs\Apirestful\system\BaseModel.php(584): CodeIgniter\Model->doFindAll(0, 0)
#6 C:\xampp\htdocs\Apirestful\app\Controllers\API\Clientes.php(17): CodeIgniter\BaseModel->findAll()
#7 C:\xampp\htdocs\Apirestful\system\CodeIgniter.php(825): App\Controllers\API\Clientes->index()
#8 C:\xampp\htdocs\Apirestful\system\CodeIgniter.php(412): CodeIgniter\CodeIgniter->runController(Object(App\Controllers\API\Clientes))
#9 C:\xampp\htdocs\Apirestful\system\CodeIgniter.php(320): CodeIgniter\CodeIgniter->handleRequest(NULL, Object(Config\Cache), false)
#10 C:\xampp\htdocs\Apirestful\index.php(37): CodeIgniter\CodeIgniter->run()
#11 {main}
ERROR - 2022-03-21 18:33:10 --> Table 'ejeapi.tblcliente' doesn't exist
CRITICAL - 2022-03-21 18:33:10 --> Table 'ejeapi.tblcliente' doesn't exist
#0 C:\xampp\htdocs\Apirestful\system\Database\MySQLi\Connection.php(292): mysqli->query('SELECT *\nFROM `...', 0)
#1 C:\xampp\htdocs\Apirestful\system\Database\BaseConnection.php(670): CodeIgniter\Database\MySQLi\Connection->execute('SELECT *\nFROM `...')
#2 C:\xampp\htdocs\Apirestful\system\Database\BaseConnection.php(598): CodeIgniter\Database\BaseConnection->simpleQuery('SELECT *\nFROM `...')
#3 C:\xampp\htdocs\Apirestful\system\Database\BaseBuilder.php(1455): CodeIgniter\Database\BaseConnection->query('SELECT *\nFROM `...', Array, false)
#4 C:\xampp\htdocs\Apirestful\system\Model.php(183): CodeIgniter\Database\BaseBuilder->get()
#5 C:\xampp\htdocs\Apirestful\system\BaseModel.php(584): CodeIgniter\Model->doFindAll(0, 0)
#6 C:\xampp\htdocs\Apirestful\app\Controllers\API\Clientes.php(17): CodeIgniter\BaseModel->findAll()
#7 C:\xampp\htdocs\Apirestful\system\CodeIgniter.php(825): App\Controllers\API\Clientes->index()
#8 C:\xampp\htdocs\Apirestful\system\CodeIgniter.php(412): CodeIgniter\CodeIgniter->runController(Object(App\Controllers\API\Clientes))
#9 C:\xampp\htdocs\Apirestful\system\CodeIgniter.php(320): CodeIgniter\CodeIgniter->handleRequest(NULL, Object(Config\Cache), false)
#10 C:\xampp\htdocs\Apirestful\index.php(37): CodeIgniter\CodeIgniter->run()
#11 {main}
ERROR - 2022-03-21 18:40:56 --> Table 'ejeapi.tblcliente' doesn't exist
CRITICAL - 2022-03-21 18:40:56 --> Table 'ejeapi.tblcliente' doesn't exist
#0 C:\xampp\htdocs\Apirestful\system\Database\MySQLi\Connection.php(292): mysqli->query('SELECT *\nFROM `...', 0)
#1 C:\xampp\htdocs\Apirestful\system\Database\BaseConnection.php(670): CodeIgniter\Database\MySQLi\Connection->execute('SELECT *\nFROM `...')
#2 C:\xampp\htdocs\Apirestful\system\Database\BaseConnection.php(598): CodeIgniter\Database\BaseConnection->simpleQuery('SELECT *\nFROM `...')
#3 C:\xampp\htdocs\Apirestful\system\Database\BaseBuilder.php(1455): CodeIgniter\Database\BaseConnection->query('SELECT *\nFROM `...', Array, false)
#4 C:\xampp\htdocs\Apirestful\system\Model.php(183): CodeIgniter\Database\BaseBuilder->get()
#5 C:\xampp\htdocs\Apirestful\system\BaseModel.php(584): CodeIgniter\Model->doFindAll(0, 0)
#6 C:\xampp\htdocs\Apirestful\app\Controllers\API\Clientes.php(17): CodeIgniter\BaseModel->findAll()
#7 C:\xampp\htdocs\Apirestful\system\CodeIgniter.php(825): App\Controllers\API\Clientes->index()
#8 C:\xampp\htdocs\Apirestful\system\CodeIgniter.php(412): CodeIgniter\CodeIgniter->runController(Object(App\Controllers\API\Clientes))
#9 C:\xampp\htdocs\Apirestful\system\CodeIgniter.php(320): CodeIgniter\CodeIgniter->handleRequest(NULL, Object(Config\Cache), false)
#10 C:\xampp\htdocs\Apirestful\index.php(37): CodeIgniter\CodeIgniter->run()
#11 {main}
ERROR - 2022-03-21 18:53:18 --> Table 'ejeapi.tblclientes' doesn't exist
ERROR - 2022-03-21 18:53:44 --> Unknown column 'email' in 'field list'
